10 100.900000 81.428571 105.300000
11 89.454545 75.750000 98.000000
12 82.916667 66.466667 83.666667
13 74.384615 72.000000 94.153846
14 66.642857 63.500000 78.571429
15 80.200000 83.933333 106.466667
16 79.812500 72.500000 94.812500
17 83.411765 74.250000 92.823529
18 75.333333 70.916667 91.333333
19 78.473684 82.529412 97.105263
20 68.350000 66.962963 88.450000
21 62.571429 64.973684 85.761905
22 78.409091 82.916667 92.045455
23 75.043478 76.115385 93.173913
24 83.958333 74.606061 105.166667
25 72.800000 58.250000 76.240000
26 75.192308 72.818182 90.423077
27 74.222222 76.903226 93.407407
28 75.357143 60.454545 93.821429
29 73.551724 65.928571 92.068966
30 60.200000 66.166667 75.600000
31 78.677419 62.541667 93.870968
32 66.156250 58.148148 83.468750
33 71.848485 63.312500 90.575758
34 70.264706 62.928571 83.617647
35 71.657143 57.529412 89.971429
36 76.333333 66.303030 92.666667
37 68.756757 64.833333 87.432432
38 74.078947 58.000000 86.894737
39 70.205128 57.055556 83.000000
50 68.380000 61.372093 86.420000
52 68.788462 65.607843 93.500000
54 72.870370 62.800000 85.833333
56 77.750000 65.304348 99.125000
58 69.206897 57.365854 85.844828
60 77.566667 63.739130 96.083333
62 75.129032 63.148936 90.419355
64 79.187500 67.133333 96.250000
66 80.909091 63.245614 98.484848
68 76.382353 64.636364 100.720588
70 78.742857 64.485714 103.914286
72 77.736111 56.835443 101.569444
74 75.378378 64.750000 103.567568
76 78.315789 67.700000 105.605263
78 80.923077 59.220588 101.692308
80 78.750000 70.451613 101.637500
82 73.524390 59.887324 100.000000
84 77.976190 63.189655 98.107143
86 81.534884 63.919192 106.406977
88 84.193182 66.709091 103.670455
100 82.670000 67.415842 105.770000
105 80.323810 64.035714 104.914286
110 80.481818 62.547826 104.372727
115 83.200000 61.921053 110.208696
120 82.933333 65.250000 114.683333
125 86.224000 63.129310 110.336000
130 82.369231 66.452055 110.715385
135 84.340741 62.744186 112.444444
140 82.964286 57.138211 110.042857
145 83.613793 65.891892 113.427586
150 88.260000 65.634328 116.733333
155 82.761290 62.050000 113.303226
160 78.300000 62.738562 105.793750
165 89.200000 64.721212 119.424242
170 85.211765 64.155405 116.635294
175 86.554286 68.401575 119.788571
180 88.638889 65.449735 117.772222
185 87.037838 60.810651 119.800000
190 85.600000 62.131579 115.152632
195 86.379487 65.195652 121.389744
200 89.625000 62.505747 122.820000
240 93.920833 68.714829 128.291667
280 91.239286 65.889286 132.107143
320 92.393750 63.711310 132.756250
360 93.422222 64.129213 134.091667
400 95.237500 65.709756 140.160000
440 95.379545 67.079229 141.131818
480 97.212500 66.192233 142.608333
520 100.473077 64.679389 144.740385
560 100.025000 65.957643 149.842857
600 99.430000 66.574841 170.251667
640 96.729687 62.728972 146.057813
680 91.610294 63.836800 143.886765
720 100.201389 64.573699 154.286111
760 103.842105 70.690123 186.419737
800 106.247500 68.267606 159.600000
840 105.234524 65.111235 160.707143
880 102.057955 65.509849 157.913636
920 105.686957 67.692308 164.109783
960 104.831250 63.686616 162.434375
1000 101.041000 65.290456 162.017000
1050 100.814286 63.035556 156.178095
1100 109.839091 63.009937 159.719091
1150 92.453043 57.867470 145.073043
1200 90.526667 55.754553 143.976667
1250 101.185600 76.841699 148.315200
1300 89.853846 54.222387 138.849231
1350 117.925926 57.746079 147.503704
1400 82.142857 57.000000 146.496429
1450 82.631034 57.050174 146.857241
1500 83.330667 57.476712 150.013333
1550 91.941290 63.517726 169.048387
1600 112.251250 68.855980 181.094375
1650 108.202424 60.654557 159.168485
1700 83.958235 55.860408 150.114118
1750 84.409143 59.173587 155.323429
1800 84.174444 55.731403 154.405556
1850 87.334595 58.152223 154.261622
1900 85.752105 59.066017 155.742105
1950 117.392308 69.590164 184.838462
2000 116.906500 71.148869 189.449500
2150 119.421395 69.790521 189.489767
2300 118.816087 68.700593 189.830000
2450 119.008571 69.031570 191.923265
2600 107.299615 59.200837 170.307692
2750 88.801455 56.584852 168.793818
2900 89.955172 57.759454 170.035517
3050 118.566557 65.938519 202.261967
3200 121.854687 64.865533 212.600313
3350 120.279701 65.846292 215.219403
3500 120.894000 66.624745 207.114857
3650 124.809315 69.684268 206.797260
3800 102.838158 60.624869 186.722105
3950 92.272152 58.608728 177.074937
4100 94.507317 57.306499 180.160488
4250 93.306118 57.920163 182.745647
4400 93.292273 58.565435 180.239545
4550 99.134066 61.549967 202.208132
4700 125.941489 64.188905 203.297872
4850 95.677938 57.906502 186.714639
5000 95.066200 57.395617 188.245800
5250 96.342476 57.326766 190.248000
5500 109.859636 57.336311 202.482182
5750 116.972174 61.840655 220.157217
6000 100.352333 58.728332 199.457667
6250 100.664480 58.252908 204.430240
6500 104.034923 57.046989 205.062923
6750 106.198815 58.547580 197.381481
7000 96.195857 54.205381 188.453000
7250 94.669517 99.336562 344.237241
7500 168.731467 79.299761 287.764400
7750 102.718065 58.492425 206.146194
8000 99.737875 56.831156 200.389125
8250 104.791273 57.801121 207.884848
8500 107.822941 57.747463 210.728706
8750 105.465257 58.656399 225.760000
9000 108.941111 59.085521 221.417556
9250 103.676649 57.891793 213.569081
9500 115.097368 56.078655 222.407158
9750 109.805538 56.848338 212.389128
10000 103.376200 56.707837 200.085100
10500 118.296857 57.746718 229.455714
11000 100.483364 54.651002 201.569364
11500 99.950261 53.613097 202.467043
12000 110.747417 74.136188 304.757417
12500 118.363520 62.923599 330.259920
13000 116.475231 59.143403 273.130923
13500 121.147481 58.464834 250.601111
14000 105.916857 56.390297 222.536143
14500 169.398759 70.909767 298.076414
15000 109.164467 58.306653 234.066600
15500 116.824387 57.768381 243.320452
16000 111.990688 60.800480 290.945000
16500 116.643273 59.264890 252.711576
17000 117.527765 57.076403 245.923294
17500 112.969257 67.350465 324.599200
18000 190.162889 85.896446 389.207056
18500 128.773892 59.542223 291.796973
19000 119.921421 77.998773 366.119737
19500 117.977128 60.389905 282.386718
20000 119.999700 58.972878 266.582400
21500 121.282605 58.748196 278.219116
23000 133.383957 63.319436 336.887087
24500 126.111020 58.941480 308.900286
26000 137.127192 63.722494 351.089077
27500 129.500873 59.170020 297.260473
29000 148.401207 63.723516 336.325034
30500 132.068197 59.126772 311.641607
32000 160.365969 60.980666 336.324437
33500 128.974179 59.123591 300.302925
35000 173.228857 62.452271 354.752257
36500 135.213589 59.719989 310.336274
38000 149.341842 60.121461 335.686421
39500 148.802430 60.041379 354.286861
41000 171.277707 65.142036 370.426220
42500 150.524871 61.826942 362.870306
44000 187.416500 65.510808 421.404568
45500 149.853165 59.717447 389.576923
47000 173.009915 64.626663 435.750489
48500 140.717835 59.345199 365.192948
50000 138.339540 58.944442 362.683940
52500 142.148362 59.295030 374.471600
55000 148.695818 61.704288 406.846018
57500 140.560887 61.036421 390.953565
60000 146.470000 61.101590 416.950267
62500 175.894496 62.523465 438.943280
65000 144.484938 59.684296 424.284154
67500 145.356415 59.760851 402.926933
70000 146.669729 60.225584 427.002643
72500 144.286317 60.146501 426.188883
75000 172.827280 66.308368 477.667680
77500 158.022335 61.106763 448.680000
80000 188.758438 63.733800 463.885050
82500 197.871103 62.158706 452.979285
85000 154.925447 61.025104 452.621518
87500 189.983474 62.773784 466.049509
90000 177.174711 67.813003 506.534022
92500 168.397449 59.857329 447.230692
95000 166.729432 65.160854 496.990326
97500 182.009713 60.330898 453.166113
100000 172.534060 60.103238 476.753400
105000 187.069419 63.674697 494.385019
110000 220.573618 60.227382 447.564391
115000 190.692452 62.698552 491.657939
120000 194.581025 62.413587 478.571833
125000 199.335712 60.386528 488.058048
130000 213.221254 63.240987 519.340977
135000 231.764881 60.760263 509.328000
140000 213.535629 58.842026 492.661557
145000 224.477717 61.737015 520.750517
150000 212.335260 60.149262 520.832807
155000 214.495432 58.403221 520.163116
160000 228.509894 61.619125 545.723462
165000 256.510412 64.842114 584.910497
170000 220.941700 60.925142 558.967271
175000 221.573469 61.332706 576.529571
180000 221.023172 63.171310 609.515711
185000 234.614892 63.405630 631.885665
190000 231.765437 61.246928 599.713263
195000 219.009328 59.837145 593.490959
200000 235.473640 65.792804 662.685710
215000 235.857767 63.627437 661.958605
230000 245.085883 62.593303 675.277309
245000 243.337151 62.842063 705.666576
260000 251.735046 61.736289 721.770438
275000 257.053400 61.219837 737.397640
290000 265.177159 63.033038 769.699403
305000 271.221662 62.751392 793.987970
320000 285.425809 64.552938 821.177678
335000 289.198785 64.471590 837.864152
350000 280.263474 63.768918 853.765829
365000 280.570184 61.429755 843.477712
380000 285.912255 61.835921 864.074097
395000 296.769838 62.973832 884.884061
410000 297.349390 62.265359 905.155129
425000 291.862240 60.868569 898.791134
440000 299.543523 65.972557 1024.084059
455000 323.512429 62.907440 962.067712
470000 333.989691 66.946492 1013.268972
485000 313.678555 64.878813 999.988004
500000 325.474998 63.743726 992.284442
525000 326.329006 61.518798 990.244343
550000 319.093702 62.158462 1016.820924
575000 332.216108 63.859339 1053.668339
600000 343.811497 64.175424 1073.878690
625000 346.303024 62.292957 1067.673235
650000 351.984548 64.906217 1120.592823
675000 351.678499 64.052087 1118.670621
700000 357.377507 63.618513 1133.993546
725000 386.077797 64.104899 1164.872993
750000 362.984271 62.522364 1143.669685
775000 373.543503 64.608710 1186.204890
800000 368.505283 62.380577 1164.138083
825000 382.758156 63.155099 1189.627284
850000 387.848262 65.001537 1241.037476
875000 383.280195 63.726695 1223.181001
900000 412.745519 62.701086 1234.068213
925000 390.732570 61.999720 1222.638285
950000 400.029109 63.363076 1248.392513
975000 402.675255 64.368251 1283.125270
